<?xml version="1.0" encoding="UTF-8"?>
<!-- Generated by org.testng.reporters.JUnitXMLReporter -->
<testsuite hostname="DESKTOP-D6S55KB" ignored="1" name="Default test" tests="3" failures="0" timestamp="26 Apr 2019 19:20:16 GMT" time="42.829" errors="0">
  <testcase name="validateCreateNewContactTest" time="2.021" classname="step.com.crm.qa.testcases.ContactsPageTest"/>
  <testcase name="validateCreateNewContactTest" time="2.138" classname="step.com.crm.qa.testcases.ContactsPageTest"/>
  <testcase name="validateCreateNewContactTest" time="2.187" classname="step.com.crm.qa.testcases.ContactsPageTest"/>
  <testcase name="verifyContactsPageLabelTest" time="0.0" classname="step.com.crm.qa.testcases.ContactsPageTest">
    <ignored/>
  </testcase> <!-- verifyContactsPageLabelTest -->
</testsuite> <!-- Default test -->
